2024-06-26 16:16:00,883 [Worker-5: Loading available Gradle versions] INFO  o.e.b.c.i.u.g.PublishedGradleVersions - Gradle version information cache is up-to-date. Trying to read.
2024-06-26 16:16:25,874 [Worker-11: Launching mavenrun-3d7d28a1-7ff7-4318-8fd3-b11b84696337] INFO  o.eclipse.m2e.core.internal.Bundles - getClasspathEntries(Bundle=org.eclipse.m2e.maven.runtime_3.9.700.20240602-2313 [359])
2024-06-26 16:16:25,876 [Worker-11: Launching mavenrun-3d7d28a1-7ff7-4318-8fd3-b11b84696337] INFO  o.eclipse.m2e.core.internal.Bundles - 	Entry: C:\GREEN_JAVA\tools\sts-4.23.1.RELEASE\plugins\org.eclipse.m2e.maven.runtime_3.9.700.20240602-2313
2024-06-26 16:16:25,876 [Worker-11: Launching mavenrun-3d7d28a1-7ff7-4318-8fd3-b11b84696337] INFO  o.eclipse.m2e.core.internal.Bundles - 	Entry: C:\GREEN_JAVA\tools\sts-4.23.1.RELEASE\plugins\org.eclipse.m2e.maven.runtime_3.9.700.20240602-2313\jars\aopalliance-1.0.jar
2024-06-26 16:16:25,878 [Worker-11: Launching mavenrun-3d7d28a1-7ff7-4318-8fd3-b11b84696337] INFO  o.eclipse.m2e.core.internal.Bundles - 	Entry: C:\GREEN_JAVA\tools\sts-4.23.1.RELEASE\plugins\org.eclipse.m2e.maven.runtime_3.9.700.20240602-2313\jars\guice-5.1.0.jar
2024-06-26 16:16:25,878 [Worker-11: Launching mavenrun-3d7d28a1-7ff7-4318-8fd3-b11b84696337] INFO  o.eclipse.m2e.core.internal.Bundles - 	Entry: C:\GREEN_JAVA\tools\sts-4.23.1.RELEASE\plugins\org.eclipse.m2e.maven.runtime_3.9.700.20240602-2313\jars\httpclient-4.5.14.jar
2024-06-26 16:16:25,878 [Worker-11: Launching mavenrun-3d7d28a1-7ff7-4318-8fd3-b11b84696337] INFO  o.eclipse.m2e.core.internal.Bundles - 	Entry: C:\GREEN_JAVA\tools\sts-4.23.1.RELEASE\plugins\org.eclipse.m2e.maven.runtime_3.9.700.20240602-2313\jars\httpcore-4.4.16.jar
2024-06-26 16:16:25,878 [Worker-11: Launching mavenrun-3d7d28a1-7ff7-4318-8fd3-b11b84696337] INFO  o.eclipse.m2e.core.internal.Bundles - 	Entry: C:\GREEN_JAVA\tools\sts-4.23.1.RELEASE\plugins\org.eclipse.m2e.maven.runtime_3.9.700.20240602-2313\jars\jansi-2.4.1.jar
2024-06-26 16:16:25,878 [Worker-11: Launching mavenrun-3d7d28a1-7ff7-4318-8fd3-b11b84696337] INFO  o.eclipse.m2e.core.internal.Bundles - 	Entry: C:\GREEN_JAVA\tools\sts-4.23.1.RELEASE\plugins\org.eclipse.m2e.maven.runtime_3.9.700.20240602-2313\jars\jcl-over-slf4j-1.7.36.jar
2024-06-26 16:16:25,878 [Worker-11: Launching mavenrun-3d7d28a1-7ff7-4318-8fd3-b11b84696337] INFO  o.eclipse.m2e.core.internal.Bundles - 	Entry: C:\GREEN_JAVA\tools\sts-4.23.1.RELEASE\plugins\org.eclipse.m2e.maven.runtime_3.9.700.20240602-2313\jars\maven-artifact-3.9.7.jar
2024-06-26 16:16:25,878 [Worker-11: Launching mavenrun-3d7d28a1-7ff7-4318-8fd3-b11b84696337] INFO  o.eclipse.m2e.core.internal.Bundles - 	Entry: C:\GREEN_JAVA\tools\sts-4.23.1.RELEASE\plugins\org.eclipse.m2e.maven.runtime_3.9.700.20240602-2313\jars\maven-builder-support-3.9.7.jar
2024-06-26 16:16:25,878 [Worker-11: Launching mavenrun-3d7d28a1-7ff7-4318-8fd3-b11b84696337] INFO  o.eclipse.m2e.core.internal.Bundles - 	Entry: C:\GREEN_JAVA\tools\sts-4.23.1.RELEASE\plugins\org.eclipse.m2e.maven.runtime_3.9.700.20240602-2313\jars\maven-compat-3.9.7.jar
2024-06-26 16:16:25,878 [Worker-11: Launching mavenrun-3d7d28a1-7ff7-4318-8fd3-b11b84696337] INFO  o.eclipse.m2e.core.internal.Bundles - 	Entry: C:\GREEN_JAVA\tools\sts-4.23.1.RELEASE\plugins\org.eclipse.m2e.maven.runtime_3.9.700.20240602-2313\jars\maven-core-3.9.7.jar
2024-06-26 16:16:25,879 [Worker-11: Launching mavenrun-3d7d28a1-7ff7-4318-8fd3-b11b84696337] INFO  o.eclipse.m2e.core.internal.Bundles - 	Entry: C:\GREEN_JAVA\tools\sts-4.23.1.RELEASE\plugins\org.eclipse.m2e.maven.runtime_3.9.700.20240602-2313\jars\maven-embedder-3.9.7.jar
2024-06-26 16:16:25,879 [Worker-11: Launching mavenrun-3d7d28a1-7ff7-4318-8fd3-b11b84696337] INFO  o.eclipse.m2e.core.internal.Bundles - 	Entry: C:\GREEN_JAVA\tools\sts-4.23.1.RELEASE\plugins\org.eclipse.m2e.maven.runtime_3.9.700.20240602-2313\jars\maven-model-3.9.7.jar
2024-06-26 16:16:25,879 [Worker-11: Launching mavenrun-3d7d28a1-7ff7-4318-8fd3-b11b84696337] INFO  o.eclipse.m2e.core.internal.Bundles - 	Entry: C:\GREEN_JAVA\tools\sts-4.23.1.RELEASE\plugins\org.eclipse.m2e.maven.runtime_3.9.700.20240602-2313\jars\maven-model-builder-3.9.7.jar
2024-06-26 16:16:25,879 [Worker-11: Launching mavenrun-3d7d28a1-7ff7-4318-8fd3-b11b84696337] INFO  o.eclipse.m2e.core.internal.Bundles - 	Entry: C:\GREEN_JAVA\tools\sts-4.23.1.RELEASE\plugins\org.eclipse.m2e.maven.runtime_3.9.700.20240602-2313\jars\maven-plugin-api-3.9.7.jar
2024-06-26 16:16:25,879 [Worker-11: Launching mavenrun-3d7d28a1-7ff7-4318-8fd3-b11b84696337] INFO  o.eclipse.m2e.core.internal.Bundles - 	Entry: C:\GREEN_JAVA\tools\sts-4.23.1.RELEASE\plugins\org.eclipse.m2e.maven.runtime_3.9.700.20240602-2313\jars\maven-repository-metadata-3.9.7.jar
2024-06-26 16:16:25,879 [Worker-11: Launching mavenrun-3d7d28a1-7ff7-4318-8fd3-b11b84696337] INFO  o.eclipse.m2e.core.internal.Bundles - 	Entry: C:\GREEN_JAVA\tools\sts-4.23.1.RELEASE\plugins\org.eclipse.m2e.maven.runtime_3.9.700.20240602-2313\jars\maven-resolver-api-1.9.20.jar
2024-06-26 16:16:25,879 [Worker-11: Launching mavenrun-3d7d28a1-7ff7-4318-8fd3-b11b84696337] INFO  o.eclipse.m2e.core.internal.Bundles - 	Entry: C:\GREEN_JAVA\tools\sts-4.23.1.RELEASE\plugins\org.eclipse.m2e.maven.runtime_3.9.700.20240602-2313\jars\maven-resolver-connector-basic-1.9.20.jar
2024-06-26 16:16:25,879 [Worker-11: Launching mavenrun-3d7d28a1-7ff7-4318-8fd3-b11b84696337] INFO  o.eclipse.m2e.core.internal.Bundles - 	Entry: C:\GREEN_JAVA\tools\sts-4.23.1.RELEASE\plugins\org.eclipse.m2e.maven.runtime_3.9.700.20240602-2313\jars\maven-resolver-impl-1.9.20.jar
2024-06-26 16:16:25,879 [Worker-11: Launching mavenrun-3d7d28a1-7ff7-4318-8fd3-b11b84696337] INFO  o.eclipse.m2e.core.internal.Bundles - 	Entry: C:\GREEN_JAVA\tools\sts-4.23.1.RELEASE\plugins\org.eclipse.m2e.maven.runtime_3.9.700.20240602-2313\jars\maven-resolver-named-locks-1.9.20.jar
2024-06-26 16:16:25,880 [Worker-11: Launching mavenrun-3d7d28a1-7ff7-4318-8fd3-b11b84696337] INFO  o.eclipse.m2e.core.internal.Bundles - 	Entry: C:\GREEN_JAVA\tools\sts-4.23.1.RELEASE\plugins\org.eclipse.m2e.maven.runtime_3.9.700.20240602-2313\jars\maven-resolver-provider-3.9.7.jar
2024-06-26 16:16:25,880 [Worker-11: Launching mavenrun-3d7d28a1-7ff7-4318-8fd3-b11b84696337] INFO  o.eclipse.m2e.core.internal.Bundles - 	Entry: C:\GREEN_JAVA\tools\sts-4.23.1.RELEASE\plugins\org.eclipse.m2e.maven.runtime_3.9.700.20240602-2313\jars\maven-resolver-spi-1.9.20.jar
2024-06-26 16:16:25,880 [Worker-11: Launching mavenrun-3d7d28a1-7ff7-4318-8fd3-b11b84696337] INFO  o.eclipse.m2e.core.internal.Bundles - 	Entry: C:\GREEN_JAVA\tools\sts-4.23.1.RELEASE\plugins\org.eclipse.m2e.maven.runtime_3.9.700.20240602-2313\jars\maven-resolver-transport-file-1.9.20.jar
2024-06-26 16:16:25,880 [Worker-11: Launching mavenrun-3d7d28a1-7ff7-4318-8fd3-b11b84696337] INFO  o.eclipse.m2e.core.internal.Bundles - 	Entry: C:\GREEN_JAVA\tools\sts-4.23.1.RELEASE\plugins\org.eclipse.m2e.maven.runtime_3.9.700.20240602-2313\jars\maven-resolver-transport-http-1.9.20.jar
2024-06-26 16:16:25,880 [Worker-11: Launching mavenrun-3d7d28a1-7ff7-4318-8fd3-b11b84696337] INFO  o.eclipse.m2e.core.internal.Bundles - 	Entry: C:\GREEN_JAVA\tools\sts-4.23.1.RELEASE\plugins\org.eclipse.m2e.maven.runtime_3.9.700.20240602-2313\jars\maven-resolver-transport-wagon-1.9.20.jar
2024-06-26 16:16:25,880 [Worker-11: Launching mavenrun-3d7d28a1-7ff7-4318-8fd3-b11b84696337] INFO  o.eclipse.m2e.core.internal.Bundles - 	Entry: C:\GREEN_JAVA\tools\sts-4.23.1.RELEASE\plugins\org.eclipse.m2e.maven.runtime_3.9.700.20240602-2313\jars\maven-resolver-util-1.9.20.jar
2024-06-26 16:16:25,880 [Worker-11: Launching mavenrun-3d7d28a1-7ff7-4318-8fd3-b11b84696337] INFO  o.eclipse.m2e.core.internal.Bundles - 	Entry: C:\GREEN_JAVA\tools\sts-4.23.1.RELEASE\plugins\org.eclipse.m2e.maven.runtime_3.9.700.20240602-2313\jars\maven-settings-3.9.7.jar
2024-06-26 16:16:25,880 [Worker-11: Launching mavenrun-3d7d28a1-7ff7-4318-8fd3-b11b84696337] INFO  o.eclipse.m2e.core.internal.Bundles - 	Entry: C:\GREEN_JAVA\tools\sts-4.23.1.RELEASE\plugins\org.eclipse.m2e.maven.runtime_3.9.700.20240602-2313\jars\maven-settings-builder-3.9.7.jar
2024-06-26 16:16:25,880 [Worker-11: Launching mavenrun-3d7d28a1-7ff7-4318-8fd3-b11b84696337] INFO  o.eclipse.m2e.core.internal.Bundles - 	Entry: C:\GREEN_JAVA\tools\sts-4.23.1.RELEASE\plugins\org.eclipse.m2e.maven.runtime_3.9.700.20240602-2313\jars\maven-shared-utils-3.4.2.jar
2024-06-26 16:16:25,881 [Worker-11: Launching mavenrun-3d7d28a1-7ff7-4318-8fd3-b11b84696337] INFO  o.eclipse.m2e.core.internal.Bundles - 	Entry: C:\GREEN_JAVA\tools\sts-4.23.1.RELEASE\plugins\org.eclipse.m2e.maven.runtime_3.9.700.20240602-2313\jars\org.eclipse.sisu.inject-0.9.0.M2.jar
2024-06-26 16:16:25,881 [Worker-11: Launching mavenrun-3d7d28a1-7ff7-4318-8fd3-b11b84696337] INFO  o.eclipse.m2e.core.internal.Bundles - 	Entry: C:\GREEN_JAVA\tools\sts-4.23.1.RELEASE\plugins\org.eclipse.m2e.maven.runtime_3.9.700.20240602-2313\jars\org.eclipse.sisu.plexus-0.9.0.M2.jar
2024-06-26 16:16:25,881 [Worker-11: Launching mavenrun-3d7d28a1-7ff7-4318-8fd3-b11b84696337] INFO  o.eclipse.m2e.core.internal.Bundles - 	Entry: C:\GREEN_JAVA\tools\sts-4.23.1.RELEASE\plugins\org.eclipse.m2e.maven.runtime_3.9.700.20240602-2313\jars\plexus-build-api-0.0.7.jar
2024-06-26 16:16:25,881 [Worker-11: Launching mavenrun-3d7d28a1-7ff7-4318-8fd3-b11b84696337] INFO  o.eclipse.m2e.core.internal.Bundles - 	Entry: C:\GREEN_JAVA\tools\sts-4.23.1.RELEASE\plugins\org.eclipse.m2e.maven.runtime_3.9.700.20240602-2313\jars\plexus-build-api-1.2.0.jar
2024-06-26 16:16:25,881 [Worker-11: Launching mavenrun-3d7d28a1-7ff7-4318-8fd3-b11b84696337] INFO  o.eclipse.m2e.core.internal.Bundles - 	Entry: C:\GREEN_JAVA\tools\sts-4.23.1.RELEASE\plugins\org.eclipse.m2e.maven.runtime_3.9.700.20240602-2313\jars\plexus-cipher-2.0.jar
2024-06-26 16:16:25,881 [Worker-11: Launching mavenrun-3d7d28a1-7ff7-4318-8fd3-b11b84696337] INFO  o.eclipse.m2e.core.internal.Bundles - 	Entry: C:\GREEN_JAVA\tools\sts-4.23.1.RELEASE\plugins\org.eclipse.m2e.maven.runtime_3.9.700.20240602-2313\jars\plexus-classworlds-2.8.0.jar
2024-06-26 16:16:25,881 [Worker-11: Launching mavenrun-3d7d28a1-7ff7-4318-8fd3-b11b84696337] INFO  o.eclipse.m2e.core.internal.Bundles - 	Entry: C:\GREEN_JAVA\tools\sts-4.23.1.RELEASE\plugins\org.eclipse.m2e.maven.runtime_3.9.700.20240602-2313\jars\plexus-component-annotations-2.1.0.jar
2024-06-26 16:16:25,881 [Worker-11: Launching mavenrun-3d7d28a1-7ff7-4318-8fd3-b11b84696337] INFO  o.eclipse.m2e.core.internal.Bundles - 	Entry: C:\GREEN_JAVA\tools\sts-4.23.1.RELEASE\plugins\org.eclipse.m2e.maven.runtime_3.9.700.20240602-2313\jars\plexus-interpolation-1.27.jar
2024-06-26 16:16:25,882 [Worker-11: Launching mavenrun-3d7d28a1-7ff7-4318-8fd3-b11b84696337] INFO  o.eclipse.m2e.core.internal.Bundles - 	Entry: C:\GREEN_JAVA\tools\sts-4.23.1.RELEASE\plugins\org.eclipse.m2e.maven.runtime_3.9.700.20240602-2313\jars\plexus-sec-dispatcher-2.0.jar
2024-06-26 16:16:25,882 [Worker-11: Launching mavenrun-3d7d28a1-7ff7-4318-8fd3-b11b84696337] INFO  o.eclipse.m2e.core.internal.Bundles - 	Entry: C:\GREEN_JAVA\tools\sts-4.23.1.RELEASE\plugins\org.eclipse.m2e.maven.runtime_3.9.700.20240602-2313\jars\plexus-utils-3.5.1.jar
2024-06-26 16:16:25,882 [Worker-11: Launching mavenrun-3d7d28a1-7ff7-4318-8fd3-b11b84696337] INFO  o.eclipse.m2e.core.internal.Bundles - 	Entry: C:\GREEN_JAVA\tools\sts-4.23.1.RELEASE\plugins\org.eclipse.m2e.maven.runtime_3.9.700.20240602-2313\jars\wagon-file-3.5.3.jar
2024-06-26 16:16:25,882 [Worker-11: Launching mavenrun-3d7d28a1-7ff7-4318-8fd3-b11b84696337] INFO  o.eclipse.m2e.core.internal.Bundles - 	Entry: C:\GREEN_JAVA\tools\sts-4.23.1.RELEASE\plugins\org.eclipse.m2e.maven.runtime_3.9.700.20240602-2313\jars\wagon-http-3.5.3.jar
2024-06-26 16:16:25,882 [Worker-11: Launching mavenrun-3d7d28a1-7ff7-4318-8fd3-b11b84696337] INFO  o.eclipse.m2e.core.internal.Bundles - 	Entry: C:\GREEN_JAVA\tools\sts-4.23.1.RELEASE\plugins\org.eclipse.m2e.maven.runtime_3.9.700.20240602-2313\jars\wagon-http-shared-3.5.3.jar
2024-06-26 16:16:25,882 [Worker-11: Launching mavenrun-3d7d28a1-7ff7-4318-8fd3-b11b84696337] INFO  o.eclipse.m2e.core.internal.Bundles - 	Entry: C:\GREEN_JAVA\tools\sts-4.23.1.RELEASE\plugins\org.eclipse.m2e.maven.runtime_3.9.700.20240602-2313\jars\wagon-provider-api-3.5.3.jar
2024-06-26 16:16:25,883 [Worker-11: Launching mavenrun-3d7d28a1-7ff7-4318-8fd3-b11b84696337] INFO  o.eclipse.m2e.core.internal.Bundles - getClasspathEntries(Bundle=com.google.guava_33.2.0.jre [29])
2024-06-26 16:16:25,884 [Worker-11: Launching mavenrun-3d7d28a1-7ff7-4318-8fd3-b11b84696337] INFO  o.eclipse.m2e.core.internal.Bundles - 	Entry: C:\GREEN_JAVA\tools\sts-4.23.1.RELEASE\plugins\com.google.guava_33.2.0.jre.jar
2024-06-26 16:16:25,884 [Worker-11: Launching mavenrun-3d7d28a1-7ff7-4318-8fd3-b11b84696337] INFO  o.eclipse.m2e.core.internal.Bundles - getClasspathEntries(Bundle=slf4j.api_2.0.13 [592])
2024-06-26 16:16:25,884 [Worker-11: Launching mavenrun-3d7d28a1-7ff7-4318-8fd3-b11b84696337] INFO  o.eclipse.m2e.core.internal.Bundles - 	Entry: C:\GREEN_JAVA\tools\sts-4.23.1.RELEASE\plugins\slf4j.api_2.0.13.jar
2024-06-26 16:16:25,884 [Worker-11: Launching mavenrun-3d7d28a1-7ff7-4318-8fd3-b11b84696337] INFO  o.eclipse.m2e.core.internal.Bundles - getClasspathEntries(Bundle=jakarta.inject.jakarta.inject-api_1.0.5 [44])
2024-06-26 16:16:25,884 [Worker-11: Launching mavenrun-3d7d28a1-7ff7-4318-8fd3-b11b84696337] INFO  o.eclipse.m2e.core.internal.Bundles - 	Entry: C:\GREEN_JAVA\tools\sts-4.23.1.RELEASE\plugins\jakarta.inject.jakarta.inject-api_1.0.5.jar
2024-06-26 16:16:25,884 [Worker-11: Launching mavenrun-3d7d28a1-7ff7-4318-8fd3-b11b84696337] INFO  o.eclipse.m2e.core.internal.Bundles - getClasspathEntries(Bundle=javax.annotation_1.3.5.v20200909-1856 [53])
2024-06-26 16:16:25,884 [Worker-11: Launching mavenrun-3d7d28a1-7ff7-4318-8fd3-b11b84696337] INFO  o.eclipse.m2e.core.internal.Bundles - 	Entry: C:\GREEN_JAVA\tools\sts-4.23.1.RELEASE\plugins\javax.annotation_1.3.5.v20200909-1856.jar
2024-06-26 16:16:25,884 [Worker-11: Launching mavenrun-3d7d28a1-7ff7-4318-8fd3-b11b84696337] INFO  o.eclipse.m2e.core.internal.Bundles - getClasspathEntries(Bundle=org.apache.commons.cli_1.8.0 [76])
2024-06-26 16:16:25,885 [Worker-11: Launching mavenrun-3d7d28a1-7ff7-4318-8fd3-b11b84696337] INFO  o.eclipse.m2e.core.internal.Bundles - 	Entry: C:\GREEN_JAVA\tools\sts-4.23.1.RELEASE\plugins\org.apache.commons.cli_1.8.0.jar
2024-06-26 16:16:25,885 [Worker-11: Launching mavenrun-3d7d28a1-7ff7-4318-8fd3-b11b84696337] INFO  o.eclipse.m2e.core.internal.Bundles - getClasspathEntries(Bundle=org.apache.commons.commons-codec_1.16.0 [78])
2024-06-26 16:16:25,885 [Worker-11: Launching mavenrun-3d7d28a1-7ff7-4318-8fd3-b11b84696337] INFO  o.eclipse.m2e.core.internal.Bundles - 	Entry: C:\GREEN_JAVA\tools\sts-4.23.1.RELEASE\plugins\org.apache.commons.commons-codec_1.16.0.jar
2024-06-26 16:16:25,885 [Worker-11: Launching mavenrun-3d7d28a1-7ff7-4318-8fd3-b11b84696337] INFO  o.eclipse.m2e.core.internal.Bundles - getClasspathEntries(Bundle=org.apache.commons.lang3_3.14.0 [82])
2024-06-26 16:16:25,885 [Worker-11: Launching mavenrun-3d7d28a1-7ff7-4318-8fd3-b11b84696337] INFO  o.eclipse.m2e.core.internal.Bundles - 	Entry: C:\GREEN_JAVA\tools\sts-4.23.1.RELEASE\plugins\org.apache.commons.lang3_3.14.0.jar
2024-06-26 16:16:25,885 [Worker-11: Launching mavenrun-3d7d28a1-7ff7-4318-8fd3-b11b84696337] INFO  o.eclipse.m2e.core.internal.Bundles - getClasspathEntries(Bundle=com.google.guava.failureaccess_1.0.2 [30])
2024-06-26 16:16:25,885 [Worker-11: Launching mavenrun-3d7d28a1-7ff7-4318-8fd3-b11b84696337] INFO  o.eclipse.m2e.core.internal.Bundles - 	Entry: C:\GREEN_JAVA\tools\sts-4.23.1.RELEASE\plugins\com.google.guava.failureaccess_1.0.2.jar
2024-06-26 16:16:25,890 [Worker-11: Launching mavenrun-3d7d28a1-7ff7-4318-8fd3-b11b84696337] INFO  o.e.m.i.launch.MavenLaunchDelegate - Run build in "C:\Users\ADMINI~1\AppData\Local\Temp\m2e-archetypeGenerator5031353208376413811":
2024-06-26 16:16:25,893 [Worker-11: Launching mavenrun-3d7d28a1-7ff7-4318-8fd3-b11b84696337] INFO  o.e.m.i.launch.MavenLaunchDelegate -  mvn  -DarchetypeGroupId=com.huongdanjava -DarchetypeArtifactId=huongdanjava-springmvc-archetype -DarchetypeVersion=2.1.1 -DgroupId=com.min -DartifactId=app01 -Dversion=0.0.1-SNAPSHOT -Dpackage=com.min.app01 -DoutputDirectory=C:\GREEN_JAVA\springstudy2 -Dstyle.color=always -U archetype:generate
2024-06-26 16:16:31,857 [Worker-6: Creating huongdanjava-springmvc-archetype] INFO  o.e.m.c.i.p.ProjectConfigurationManager - Collecting project info '/pom.xml' C:\GREEN_JAVA\springstudy2\app01\pom.xml
2024-06-26 16:16:32,258 [Worker-6: Creating huongdanjava-springmvc-archetype] INFO  o.e.m.c.i.l.LifecycleMappingFactory - Using org.maven.ide.eclipse.wtp.WarLifecycleMapping lifecycle mapping for MavenProject: com.min:app01:0.0.1-SNAPSHOT @ C:\GREEN_JAVA\springstudy2\app01\pom.xml.
2024-06-26 16:16:32,310 [Worker-6: Creating huongdanjava-springmvc-archetype] WARN  o.e.m.c.i.embedder.EclipseLogger - The artifact org.slf4j:slf4j-log4j12:jar:2.0.7 has been relocated to org.slf4j:slf4j-reload4j:jar:2.0.7
2024-06-26 16:16:32,864 [Worker-6: Creating huongdanjava-springmvc-archetype] INFO  o.e.m.j.i.AbstractJavaProjectConfigurator - Adding source folder /app01/src/main/java
2024-06-26 16:16:32,865 [Worker-6: Creating huongdanjava-springmvc-archetype] INFO  o.e.m.j.i.AbstractJavaProjectConfigurator - Adding resource folder /app01/src/main/resources
2024-06-26 16:16:32,866 [Worker-6: Creating huongdanjava-springmvc-archetype] INFO  o.e.m.j.i.AbstractJavaProjectConfigurator - Adding source folder /app01/src/test/java
2024-06-26 16:16:32,866 [Worker-6: Creating huongdanjava-springmvc-archetype] INFO  o.e.m.j.i.AbstractJavaProjectConfigurator - Adding resource folder /app01/src/test/resources
2024-06-26 16:16:34,166 [Worker-6: Creating huongdanjava-springmvc-archetype] WARN  o.e.m.c.i.embedder.EclipseLogger - The artifact org.slf4j:slf4j-log4j12:jar:2.0.7 has been relocated to org.slf4j:slf4j-reload4j:jar:2.0.7
2024-06-26 16:16:34,187 [Worker-6: Creating huongdanjava-springmvc-archetype] INFO  o.e.m.c.i.p.ProjectConfigurationManager - Imported and configured 1 project(s) in 2 sec
2024-06-26 16:16:35,448 [Worker-7: Building] WARN  o.a.m.s.f.DefaultMavenResourcesFiltering - Using platform encoding (UTF-8 actually) to copy filtered resources, i.e. build is platform dependent!
2024-06-26 16:16:35,452 [Worker-7: Building] INFO  o.a.m.s.f.DefaultMavenResourcesFiltering - Copying 1 resource from src\main\resources to target\classes
2024-06-26 16:16:35,457 [Worker-7: Building] WARN  o.a.m.s.f.DefaultMavenResourcesFiltering - Using platform encoding (UTF-8 actually) to copy filtered resources, i.e. build is platform dependent!
2024-06-26 16:16:35,457 [Worker-7: Building] INFO  o.a.m.s.f.DefaultMavenResourcesFiltering - skip non existing resourceDirectory C:\GREEN_JAVA\springstudy2\app01\src\test\resources
2024-06-26 16:17:13,816 [Worker-12: Importing Maven projects] INFO  o.e.m.c.i.l.LifecycleMappingFactory - Using org.maven.ide.eclipse.wtp.WarLifecycleMapping lifecycle mapping for MavenProject: com.hyun:app01:0.0.1-SNAPSHOT @ C:\GREEN_JAVA\springstudy2\app01\pom.xml.
2024-06-26 16:17:13,855 [Worker-12: Importing Maven projects] WARN  o.e.m.c.i.embedder.EclipseLogger - The artifact org.slf4j:slf4j-log4j12:jar:2.0.7 has been relocated to org.slf4j:slf4j-reload4j:jar:2.0.7
2024-06-26 16:17:13,875 [Worker-12: Importing Maven projects] WARN  o.e.m.c.i.embedder.EclipseLogger - The artifact org.slf4j:slf4j-log4j12:jar:2.0.7 has been relocated to org.slf4j:slf4j-reload4j:jar:2.0.7
2024-06-26 16:17:14,277 [Worker-12: Importing Maven projects] INFO  o.e.m.j.i.AbstractJavaProjectConfigurator - Adding source folder /app01/src/main/java
2024-06-26 16:17:14,277 [Worker-12: Importing Maven projects] INFO  o.e.m.j.i.AbstractJavaProjectConfigurator - Adding resource folder /app01/src/main/resources
2024-06-26 16:17:14,278 [Worker-12: Importing Maven projects] INFO  o.e.m.j.i.AbstractJavaProjectConfigurator - Adding source folder /app01/src/test/java
2024-06-26 16:17:14,278 [Worker-12: Importing Maven projects] INFO  o.e.m.j.i.AbstractJavaProjectConfigurator - Adding resource folder /app01/src/test/resources
2024-06-26 16:17:14,350 [Worker-12: Importing Maven projects] WARN  o.e.m.c.i.embedder.EclipseLogger - The artifact org.slf4j:slf4j-log4j12:jar:2.0.7 has been relocated to org.slf4j:slf4j-reload4j:jar:2.0.7
2024-06-26 16:17:14,365 [Worker-12: Importing Maven projects] INFO  o.e.m.c.i.p.ProjectConfigurationManager - Imported and configured 1 project(s) in 0 sec
2024-06-26 16:17:14,762 [Worker-3: Building] WARN  o.a.m.s.f.DefaultMavenResourcesFiltering - Using platform encoding (UTF-8 actually) to copy filtered resources, i.e. build is platform dependent!
2024-06-26 16:17:14,763 [Worker-3: Building] INFO  o.a.m.s.f.DefaultMavenResourcesFiltering - Copying 2 resources from src\main\resources to target\classes
2024-06-26 16:17:14,770 [Worker-3: Building] WARN  o.a.m.s.f.DefaultMavenResourcesFiltering - Using platform encoding (UTF-8 actually) to copy filtered resources, i.e. build is platform dependent!
2024-06-26 16:17:14,771 [Worker-3: Building] INFO  o.a.m.s.f.DefaultMavenResourcesFiltering - Copying 0 resource from src\test\resources to target\test-classes
2024-06-26 16:17:15,257 [Worker-5: Download sources and javadoc] INFO  o.e.m.c.i.e.AbstractTransferListenerAdapter - Downloading https://repo.maven.apache.org/maven2/org/projectlombok/lombok/1.18.32/lombok-1.18.32-sources.jar
2024-06-26 16:17:15,326 [Worker-5: Download sources and javadoc] INFO  o.e.m.c.i.e.AbstractTransferListenerAdapter - Downloaded https://repo.maven.apache.org/maven2/org/projectlombok/lombok/1.18.32/lombok-1.18.32-sources.jar
2024-06-26 16:17:15,331 [Worker-5: Download sources and javadoc] INFO  o.e.m.j.internal.DownloadSourcesJob - Downloaded sources for org.projectlombok:lombok:1.18.32
2024-06-26 16:17:23,809 [Worker-3: Importing Maven projects] INFO  o.e.m.c.i.l.LifecycleMappingFactory - Using org.maven.ide.eclipse.wtp.WarLifecycleMapping lifecycle mapping for MavenProject: com.hyun:app02:0.0.1-SNAPSHOT @ C:\GREEN_JAVA\springstudy2\app02\pom.xml.
2024-06-26 16:17:23,841 [Worker-3: Importing Maven projects] WARN  o.e.m.c.i.embedder.EclipseLogger - The artifact org.slf4j:slf4j-log4j12:jar:2.0.7 has been relocated to org.slf4j:slf4j-reload4j:jar:2.0.7
2024-06-26 16:17:23,859 [Worker-3: Importing Maven projects] WARN  o.e.m.c.i.embedder.EclipseLogger - The artifact org.slf4j:slf4j-log4j12:jar:2.0.7 has been relocated to org.slf4j:slf4j-reload4j:jar:2.0.7
2024-06-26 16:17:23,918 [Worker-3: Importing Maven projects] INFO  o.e.m.j.i.AbstractJavaProjectConfigurator - Adding source folder /app02/src/main/java
2024-06-26 16:17:23,918 [Worker-3: Importing Maven projects] INFO  o.e.m.j.i.AbstractJavaProjectConfigurator - Adding resource folder /app02/src/main/resources
2024-06-26 16:17:23,918 [Worker-3: Importing Maven projects] INFO  o.e.m.j.i.AbstractJavaProjectConfigurator - Adding source folder /app02/src/test/java
2024-06-26 16:17:23,919 [Worker-3: Importing Maven projects] INFO  o.e.m.j.i.AbstractJavaProjectConfigurator - Adding resource folder /app02/src/test/resources
2024-06-26 16:17:23,994 [Worker-3: Importing Maven projects] WARN  o.e.m.c.i.embedder.EclipseLogger - The artifact org.slf4j:slf4j-log4j12:jar:2.0.7 has been relocated to org.slf4j:slf4j-reload4j:jar:2.0.7
2024-06-26 16:17:24,007 [Worker-3: Importing Maven projects] INFO  o.e.m.c.i.p.ProjectConfigurationManager - Imported and configured 1 project(s) in 0 sec
2024-06-26 16:17:24,232 [Worker-11: Building] WARN  o.a.m.s.f.DefaultMavenResourcesFiltering - Using platform encoding (UTF-8 actually) to copy filtered resources, i.e. build is platform dependent!
2024-06-26 16:17:24,233 [Worker-11: Building] INFO  o.a.m.s.f.DefaultMavenResourcesFiltering - Copying 1 resource from src\main\resources to target\classes
2024-06-26 16:17:24,236 [Worker-11: Building] WARN  o.a.m.s.f.DefaultMavenResourcesFiltering - Using platform encoding (UTF-8 actually) to copy filtered resources, i.e. build is platform dependent!
2024-06-26 16:17:24,236 [Worker-11: Building] INFO  o.a.m.s.f.DefaultMavenResourcesFiltering - skip non existing resourceDirectory C:\GREEN_JAVA\springstudy2\app02\src\test\resources
2024-06-26 16:17:55,393 [Worker-3: Building] WARN  o.a.m.s.f.DefaultMavenResourcesFiltering - Using platform encoding (UTF-8 actually) to copy filtered resources, i.e. build is platform dependent!
2024-06-26 16:17:55,394 [Worker-3: Building] INFO  o.a.m.s.f.DefaultMavenResourcesFiltering - Copying 0 resource from src\main\resources to target\classes
2024-06-26 16:17:55,396 [Worker-3: Building] WARN  o.a.m.s.f.DefaultMavenResourcesFiltering - Using platform encoding (UTF-8 actually) to copy filtered resources, i.e. build is platform dependent!
2024-06-26 16:17:55,396 [Worker-3: Building] INFO  o.a.m.s.f.DefaultMavenResourcesFiltering - skip non existing resourceDirectory C:\GREEN_JAVA\springstudy2\app02\src\test\resources
2024-06-26 16:18:22,974 [Worker-1: Building] WARN  o.a.m.s.f.DefaultMavenResourcesFiltering - Using platform encoding (UTF-8 actually) to copy filtered resources, i.e. build is platform dependent!
2024-06-26 16:18:22,975 [Worker-1: Building] INFO  o.a.m.s.f.DefaultMavenResourcesFiltering - Copying 0 resource from src\main\resources to target\classes
2024-06-26 16:18:22,977 [Worker-1: Building] WARN  o.a.m.s.f.DefaultMavenResourcesFiltering - Using platform encoding (UTF-8 actually) to copy filtered resources, i.e. build is platform dependent!
2024-06-26 16:18:22,977 [Worker-1: Building] INFO  o.a.m.s.f.DefaultMavenResourcesFiltering - Copying 0 resource from src\test\resources to target\test-classes
2024-06-26 16:18:51,355 [Worker-3: Building] WARN  o.a.m.s.f.DefaultMavenResourcesFiltering - Using platform encoding (UTF-8 actually) to copy filtered resources, i.e. build is platform dependent!
2024-06-26 16:18:51,356 [Worker-3: Building] INFO  o.a.m.s.f.DefaultMavenResourcesFiltering - Copying 1 resource from src\main\resources to target\classes
2024-06-26 16:18:51,358 [Worker-3: Building] WARN  o.a.m.s.f.DefaultMavenResourcesFiltering - Using platform encoding (UTF-8 actually) to copy filtered resources, i.e. build is platform dependent!
2024-06-26 16:18:51,359 [Worker-3: Building] INFO  o.a.m.s.f.DefaultMavenResourcesFiltering - skip non existing resourceDirectory C:\GREEN_JAVA\springstudy2\app02\src\test\resources
2024-06-26 16:28:59,077 [Worker-17: Building] WARN  o.a.m.s.f.DefaultMavenResourcesFiltering - Using platform encoding (UTF-8 actually) to copy filtered resources, i.e. build is platform dependent!
2024-06-26 16:28:59,078 [Worker-17: Building] INFO  o.a.m.s.f.DefaultMavenResourcesFiltering - Copying 0 resource from src\main\resources to target\classes
2024-06-26 16:28:59,079 [Worker-17: Building] WARN  o.a.m.s.f.DefaultMavenResourcesFiltering - Using platform encoding (UTF-8 actually) to copy filtered resources, i.e. build is platform dependent!
2024-06-26 16:28:59,080 [Worker-17: Building] INFO  o.a.m.s.f.DefaultMavenResourcesFiltering - skip non existing resourceDirectory C:\GREEN_JAVA\springstudy2\app02\src\test\resources
2024-06-26 16:35:39,282 [Worker-21: Launching app02] INFO  o.e.m.c.i.e.AbstractTransferListenerAdapter - Downloading https://repo.maven.apache.org/maven2/org/junit/platform/junit-platform-launcher/1.9.3/junit-platform-launcher-1.9.3.jar
2024-06-26 16:35:39,314 [Worker-21: Launching app02] INFO  o.e.m.c.i.e.AbstractTransferListenerAdapter - Downloaded https://repo.maven.apache.org/maven2/org/junit/platform/junit-platform-launcher/1.9.3/junit-platform-launcher-1.9.3.jar
2024-06-26 16:35:39,323 [Worker-21: Launching app02] INFO  o.e.m.c.i.e.AbstractTransferListenerAdapter - Downloading https://repo.maven.apache.org/maven2/org/junit/platform/junit-platform-engine/1.9.3/junit-platform-engine-1.9.3.jar
2024-06-26 16:35:39,332 [Worker-21: Launching app02] INFO  o.e.m.c.i.e.AbstractTransferListenerAdapter - Downloaded https://repo.maven.apache.org/maven2/org/junit/platform/junit-platform-engine/1.9.3/junit-platform-engine-1.9.3.jar
2024-06-26 16:35:39,341 [Worker-21: Launching app02] INFO  o.e.m.c.i.e.AbstractTransferListenerAdapter - Downloading https://repo.maven.apache.org/maven2/org/junit/jupiter/junit-jupiter-engine/5.9.3/junit-jupiter-engine-5.9.3.jar
2024-06-26 16:35:39,363 [Worker-21: Launching app02] INFO  o.e.m.c.i.e.AbstractTransferListenerAdapter - Downloaded https://repo.maven.apache.org/maven2/org/junit/jupiter/junit-jupiter-engine/5.9.3/junit-jupiter-engine-5.9.3.jar
2024-06-26 16:40:18,691 [Worker-23: Building] WARN  o.a.m.s.f.DefaultMavenResourcesFiltering - Using platform encoding (UTF-8 actually) to copy filtered resources, i.e. build is platform dependent!
2024-06-26 16:40:18,691 [Worker-23: Building] INFO  o.a.m.s.f.DefaultMavenResourcesFiltering - Copying 1 resource from src\main\resources to target\classes
2024-06-26 16:40:18,693 [Worker-23: Building] WARN  o.a.m.s.f.DefaultMavenResourcesFiltering - Using platform encoding (UTF-8 actually) to copy filtered resources, i.e. build is platform dependent!
2024-06-26 16:40:18,693 [Worker-23: Building] INFO  o.a.m.s.f.DefaultMavenResourcesFiltering - skip non existing resourceDirectory C:\GREEN_JAVA\springstudy2\app02\src\test\resources
2024-06-26 16:40:31,894 [Worker-25: Building] WARN  o.a.m.s.f.DefaultMavenResourcesFiltering - Using platform encoding (UTF-8 actually) to copy filtered resources, i.e. build is platform dependent!
2024-06-26 16:40:31,895 [Worker-25: Building] INFO  o.a.m.s.f.DefaultMavenResourcesFiltering - Copying 1 resource from src\main\resources to target\classes
2024-06-26 16:40:31,897 [Worker-25: Building] WARN  o.a.m.s.f.DefaultMavenResourcesFiltering - Using platform encoding (UTF-8 actually) to copy filtered resources, i.e. build is platform dependent!
2024-06-26 16:40:31,897 [Worker-25: Building] INFO  o.a.m.s.f.DefaultMavenResourcesFiltering - skip non existing resourceDirectory C:\GREEN_JAVA\springstudy2\app02\src\test\resources
2024-06-26 16:42:00,977 [Worker-26: Building] WARN  o.a.m.s.f.DefaultMavenResourcesFiltering - Using platform encoding (UTF-8 actually) to copy filtered resources, i.e. build is platform dependent!
2024-06-26 16:42:00,978 [Worker-26: Building] INFO  o.a.m.s.f.DefaultMavenResourcesFiltering - Copying 1 resource from src\main\resources to target\classes
2024-06-26 16:42:00,980 [Worker-26: Building] WARN  o.a.m.s.f.DefaultMavenResourcesFiltering - Using platform encoding (UTF-8 actually) to copy filtered resources, i.e. build is platform dependent!
2024-06-26 16:42:00,980 [Worker-26: Building] INFO  o.a.m.s.f.DefaultMavenResourcesFiltering - skip non existing resourceDirectory C:\GREEN_JAVA\springstudy2\app02\src\test\resources
2024-06-26 16:42:25,916 [Worker-17: Building] WARN  o.a.m.s.f.DefaultMavenResourcesFiltering - Using platform encoding (UTF-8 actually) to copy filtered resources, i.e. build is platform dependent!
2024-06-26 16:42:25,917 [Worker-17: Building] INFO  o.a.m.s.f.DefaultMavenResourcesFiltering - Copying 1 resource from src\main\resources to target\classes
2024-06-26 16:42:25,919 [Worker-17: Building] WARN  o.a.m.s.f.DefaultMavenResourcesFiltering - Using platform encoding (UTF-8 actually) to copy filtered resources, i.e. build is platform dependent!
2024-06-26 16:42:25,919 [Worker-17: Building] INFO  o.a.m.s.f.DefaultMavenResourcesFiltering - skip non existing resourceDirectory C:\GREEN_JAVA\springstudy2\app02\src\test\resources
2024-06-26 16:42:54,113 [Worker-26: Building] WARN  o.a.m.s.f.DefaultMavenResourcesFiltering - Using platform encoding (UTF-8 actually) to copy filtered resources, i.e. build is platform dependent!
2024-06-26 16:42:54,114 [Worker-26: Building] INFO  o.a.m.s.f.DefaultMavenResourcesFiltering - Copying 1 resource from src\main\resources to target\classes
2024-06-26 16:42:54,116 [Worker-26: Building] WARN  o.a.m.s.f.DefaultMavenResourcesFiltering - Using platform encoding (UTF-8 actually) to copy filtered resources, i.e. build is platform dependent!
2024-06-26 16:42:54,116 [Worker-26: Building] INFO  o.a.m.s.f.DefaultMavenResourcesFiltering - skip non existing resourceDirectory C:\GREEN_JAVA\springstudy2\app02\src\test\resources
2024-06-26 16:43:09,278 [Worker-17: Building] WARN  o.a.m.s.f.DefaultMavenResourcesFiltering - Using platform encoding (UTF-8 actually) to copy filtered resources, i.e. build is platform dependent!
2024-06-26 16:43:09,278 [Worker-17: Building] INFO  o.a.m.s.f.DefaultMavenResourcesFiltering - Copying 1 resource from src\main\resources to target\classes
2024-06-26 16:43:09,280 [Worker-17: Building] WARN  o.a.m.s.f.DefaultMavenResourcesFiltering - Using platform encoding (UTF-8 actually) to copy filtered resources, i.e. build is platform dependent!
2024-06-26 16:43:09,281 [Worker-17: Building] INFO  o.a.m.s.f.DefaultMavenResourcesFiltering - skip non existing resourceDirectory C:\GREEN_JAVA\springstudy2\app02\src\test\resources
2024-06-26 16:43:43,280 [Worker-26: Building] WARN  o.a.m.s.f.DefaultMavenResourcesFiltering - Using platform encoding (UTF-8 actually) to copy filtered resources, i.e. build is platform dependent!
2024-06-26 16:43:43,281 [Worker-26: Building] INFO  o.a.m.s.f.DefaultMavenResourcesFiltering - Copying 1 resource from src\main\resources to target\classes
2024-06-26 16:43:43,282 [Worker-26: Building] WARN  o.a.m.s.f.DefaultMavenResourcesFiltering - Using platform encoding (UTF-8 actually) to copy filtered resources, i.e. build is platform dependent!
2024-06-26 16:43:43,283 [Worker-26: Building] INFO  o.a.m.s.f.DefaultMavenResourcesFiltering - skip non existing resourceDirectory C:\GREEN_JAVA\springstudy2\app02\src\test\resources
2024-06-26 16:43:58,487 [Worker-17: Building] WARN  o.a.m.s.f.DefaultMavenResourcesFiltering - Using platform encoding (UTF-8 actually) to copy filtered resources, i.e. build is platform dependent!
2024-06-26 16:43:58,487 [Worker-17: Building] INFO  o.a.m.s.f.DefaultMavenResourcesFiltering - Copying 1 resource from src\main\resources to target\classes
2024-06-26 16:43:58,489 [Worker-17: Building] WARN  o.a.m.s.f.DefaultMavenResourcesFiltering - Using platform encoding (UTF-8 actually) to copy filtered resources, i.e. build is platform dependent!
2024-06-26 16:43:58,489 [Worker-17: Building] INFO  o.a.m.s.f.DefaultMavenResourcesFiltering - skip non existing resourceDirectory C:\GREEN_JAVA\springstudy2\app02\src\test\resources
2024-06-26 16:44:07,334 [Worker-17: Building] WARN  o.a.m.s.f.DefaultMavenResourcesFiltering - Using platform encoding (UTF-8 actually) to copy filtered resources, i.e. build is platform dependent!
2024-06-26 16:44:07,335 [Worker-17: Building] INFO  o.a.m.s.f.DefaultMavenResourcesFiltering - Copying 1 resource from src\main\resources to target\classes
2024-06-26 16:44:07,337 [Worker-17: Building] WARN  o.a.m.s.f.DefaultMavenResourcesFiltering - Using platform encoding (UTF-8 actually) to copy filtered resources, i.e. build is platform dependent!
2024-06-26 16:44:07,337 [Worker-17: Building] INFO  o.a.m.s.f.DefaultMavenResourcesFiltering - skip non existing resourceDirectory C:\GREEN_JAVA\springstudy2\app02\src\test\resources
2024-06-26 16:47:13,270 [Worker-29: Building] WARN  o.a.m.s.f.DefaultMavenResourcesFiltering - Using platform encoding (UTF-8 actually) to copy filtered resources, i.e. build is platform dependent!
2024-06-26 16:47:13,271 [Worker-29: Building] INFO  o.a.m.s.f.DefaultMavenResourcesFiltering - Copying 0 resource from src\main\resources to target\classes
2024-06-26 16:47:13,272 [Worker-29: Building] WARN  o.a.m.s.f.DefaultMavenResourcesFiltering - Using platform encoding (UTF-8 actually) to copy filtered resources, i.e. build is platform dependent!
2024-06-26 16:47:13,273 [Worker-29: Building] INFO  o.a.m.s.f.DefaultMavenResourcesFiltering - skip non existing resourceDirectory C:\GREEN_JAVA\springstudy2\app02\src\test\resources
2024-06-26 16:47:24,207 [Worker-29: Building] WARN  o.a.m.s.f.DefaultMavenResourcesFiltering - Using platform encoding (UTF-8 actually) to copy filtered resources, i.e. build is platform dependent!
2024-06-26 16:47:24,208 [Worker-29: Building] INFO  o.a.m.s.f.DefaultMavenResourcesFiltering - Copying 0 resource from src\main\resources to target\classes
2024-06-26 16:47:24,209 [Worker-29: Building] WARN  o.a.m.s.f.DefaultMavenResourcesFiltering - Using platform encoding (UTF-8 actually) to copy filtered resources, i.e. build is platform dependent!
2024-06-26 16:47:24,210 [Worker-29: Building] INFO  o.a.m.s.f.DefaultMavenResourcesFiltering - skip non existing resourceDirectory C:\GREEN_JAVA\springstudy2\app02\src\test\resources
2024-06-26 16:47:28,432 [Worker-30: Building] WARN  o.a.m.s.f.DefaultMavenResourcesFiltering - Using platform encoding (UTF-8 actually) to copy filtered resources, i.e. build is platform dependent!
2024-06-26 16:47:28,433 [Worker-30: Building] INFO  o.a.m.s.f.DefaultMavenResourcesFiltering - Copying 0 resource from src\main\resources to target\classes
2024-06-26 16:47:28,434 [Worker-30: Building] WARN  o.a.m.s.f.DefaultMavenResourcesFiltering - Using platform encoding (UTF-8 actually) to copy filtered resources, i.e. build is platform dependent!
2024-06-26 16:47:28,435 [Worker-30: Building] INFO  o.a.m.s.f.DefaultMavenResourcesFiltering - skip non existing resourceDirectory C:\GREEN_JAVA\springstudy2\app02\src\test\resources
2024-06-26 16:48:51,646 [Worker-30: Building] WARN  o.a.m.s.f.DefaultMavenResourcesFiltering - Using platform encoding (UTF-8 actually) to copy filtered resources, i.e. build is platform dependent!
2024-06-26 16:48:51,647 [Worker-30: Building] INFO  o.a.m.s.f.DefaultMavenResourcesFiltering - Copying 1 resource from src\main\resources to target\classes
2024-06-26 16:48:51,648 [Worker-30: Building] WARN  o.a.m.s.f.DefaultMavenResourcesFiltering - Using platform encoding (UTF-8 actually) to copy filtered resources, i.e. build is platform dependent!
2024-06-26 16:48:51,649 [Worker-30: Building] INFO  o.a.m.s.f.DefaultMavenResourcesFiltering - skip non existing resourceDirectory C:\GREEN_JAVA\springstudy2\app02\src\test\resources
2024-06-26 16:49:04,148 [Worker-23: Building] WARN  o.a.m.s.f.DefaultMavenResourcesFiltering - Using platform encoding (UTF-8 actually) to copy filtered resources, i.e. build is platform dependent!
2024-06-26 16:49:04,149 [Worker-23: Building] INFO  o.a.m.s.f.DefaultMavenResourcesFiltering - Copying 1 resource from src\main\resources to target\classes
2024-06-26 16:49:04,150 [Worker-23: Building] WARN  o.a.m.s.f.DefaultMavenResourcesFiltering - Using platform encoding (UTF-8 actually) to copy filtered resources, i.e. build is platform dependent!
2024-06-26 16:49:04,150 [Worker-23: Building] INFO  o.a.m.s.f.DefaultMavenResourcesFiltering - skip non existing resourceDirectory C:\GREEN_JAVA\springstudy2\app02\src\test\resources
2024-06-26 16:49:59,622 [Worker-31: Building] WARN  o.a.m.s.f.DefaultMavenResourcesFiltering - Using platform encoding (UTF-8 actually) to copy filtered resources, i.e. build is platform dependent!
2024-06-26 16:49:59,623 [Worker-31: Building] INFO  o.a.m.s.f.DefaultMavenResourcesFiltering - Copying 1 resource from src\main\resources to target\classes
2024-06-26 16:49:59,624 [Worker-31: Building] WARN  o.a.m.s.f.DefaultMavenResourcesFiltering - Using platform encoding (UTF-8 actually) to copy filtered resources, i.e. build is platform dependent!
2024-06-26 16:49:59,624 [Worker-31: Building] INFO  o.a.m.s.f.DefaultMavenResourcesFiltering - skip non existing resourceDirectory C:\GREEN_JAVA\springstudy2\app02\src\test\resources
2024-06-26 17:07:08,016 [Worker-35: Building] WARN  o.a.m.s.f.DefaultMavenResourcesFiltering - Using platform encoding (UTF-8 actually) to copy filtered resources, i.e. build is platform dependent!
2024-06-26 17:07:08,017 [Worker-35: Building] INFO  o.a.m.s.f.DefaultMavenResourcesFiltering - Copying 1 resource from src\main\resources to target\classes
2024-06-26 17:07:08,018 [Worker-35: Building] WARN  o.a.m.s.f.DefaultMavenResourcesFiltering - Using platform encoding (UTF-8 actually) to copy filtered resources, i.e. build is platform dependent!
2024-06-26 17:07:08,019 [Worker-35: Building] INFO  o.a.m.s.f.DefaultMavenResourcesFiltering - skip non existing resourceDirectory C:\GREEN_JAVA\springstudy2\app02\src\test\resources
2024-06-26 17:07:39,314 [Worker-36: Building] WARN  o.a.m.s.f.DefaultMavenResourcesFiltering - Using platform encoding (UTF-8 actually) to copy filtered resources, i.e. build is platform dependent!
2024-06-26 17:07:39,315 [Worker-36: Building] INFO  o.a.m.s.f.DefaultMavenResourcesFiltering - Copying 1 resource from src\main\resources to target\classes
2024-06-26 17:07:39,317 [Worker-36: Building] WARN  o.a.m.s.f.DefaultMavenResourcesFiltering - Using platform encoding (UTF-8 actually) to copy filtered resources, i.e. build is platform dependent!
2024-06-26 17:07:39,317 [Worker-36: Building] INFO  o.a.m.s.f.DefaultMavenResourcesFiltering - skip non existing resourceDirectory C:\GREEN_JAVA\springstudy2\app02\src\test\resources
2024-06-26 17:11:13,893 [Worker-38: Building] WARN  o.a.m.s.f.DefaultMavenResourcesFiltering - Using platform encoding (UTF-8 actually) to copy filtered resources, i.e. build is platform dependent!
2024-06-26 17:11:13,894 [Worker-38: Building] INFO  o.a.m.s.f.DefaultMavenResourcesFiltering - Copying 1 resource from src\main\resources to target\classes
2024-06-26 17:11:13,895 [Worker-38: Building] WARN  o.a.m.s.f.DefaultMavenResourcesFiltering - Using platform encoding (UTF-8 actually) to copy filtered resources, i.e. build is platform dependent!
2024-06-26 17:11:13,896 [Worker-38: Building] INFO  o.a.m.s.f.DefaultMavenResourcesFiltering - skip non existing resourceDirectory C:\GREEN_JAVA\springstudy2\app02\src\test\resources
2024-06-26 17:11:29,799 [Worker-39: Building] WARN  o.a.m.s.f.DefaultMavenResourcesFiltering - Using platform encoding (UTF-8 actually) to copy filtered resources, i.e. build is platform dependent!
2024-06-26 17:11:29,800 [Worker-39: Building] INFO  o.a.m.s.f.DefaultMavenResourcesFiltering - Copying 1 resource from src\main\resources to target\classes
2024-06-26 17:11:29,801 [Worker-39: Building] WARN  o.a.m.s.f.DefaultMavenResourcesFiltering - Using platform encoding (UTF-8 actually) to copy filtered resources, i.e. build is platform dependent!
2024-06-26 17:11:29,802 [Worker-39: Building] INFO  o.a.m.s.f.DefaultMavenResourcesFiltering - skip non existing resourceDirectory C:\GREEN_JAVA\springstudy2\app02\src\test\resources
2024-06-26 17:11:35,776 [Worker-37: Building] WARN  o.a.m.s.f.DefaultMavenResourcesFiltering - Using platform encoding (UTF-8 actually) to copy filtered resources, i.e. build is platform dependent!
2024-06-26 17:11:35,777 [Worker-37: Building] INFO  o.a.m.s.f.DefaultMavenResourcesFiltering - Copying 1 resource from src\main\resources to target\classes
2024-06-26 17:11:35,778 [Worker-37: Building] WARN  o.a.m.s.f.DefaultMavenResourcesFiltering - Using platform encoding (UTF-8 actually) to copy filtered resources, i.e. build is platform dependent!
2024-06-26 17:11:35,778 [Worker-37: Building] INFO  o.a.m.s.f.DefaultMavenResourcesFiltering - skip non existing resourceDirectory C:\GREEN_JAVA\springstudy2\app02\src\test\resources
2024-06-26 17:23:52,752 [Worker-38: Building] WARN  o.a.m.s.f.DefaultMavenResourcesFiltering - Using platform encoding (UTF-8 actually) to copy filtered resources, i.e. build is platform dependent!
2024-06-26 17:23:52,754 [Worker-38: Building] INFO  o.a.m.s.f.DefaultMavenResourcesFiltering - Copying 0 resource from src\main\resources to target\classes
2024-06-26 17:23:52,758 [Worker-38: Building] WARN  o.a.m.s.f.DefaultMavenResourcesFiltering - Using platform encoding (UTF-8 actually) to copy filtered resources, i.e. build is platform dependent!
2024-06-26 17:23:52,758 [Worker-38: Building] INFO  o.a.m.s.f.DefaultMavenResourcesFiltering - skip non existing resourceDirectory C:\GREEN_JAVA\springstudy2\app02\src\test\resources
2024-06-26 17:23:59,436 [Worker-41: Building] WARN  o.a.m.s.f.DefaultMavenResourcesFiltering - Using platform encoding (UTF-8 actually) to copy filtered resources, i.e. build is platform dependent!
2024-06-26 17:23:59,437 [Worker-41: Building] INFO  o.a.m.s.f.DefaultMavenResourcesFiltering - Copying 0 resource from src\main\resources to target\classes
2024-06-26 17:23:59,438 [Worker-41: Building] WARN  o.a.m.s.f.DefaultMavenResourcesFiltering - Using platform encoding (UTF-8 actually) to copy filtered resources, i.e. build is platform dependent!
2024-06-26 17:23:59,439 [Worker-41: Building] INFO  o.a.m.s.f.DefaultMavenResourcesFiltering - skip non existing resourceDirectory C:\GREEN_JAVA\springstudy2\app02\src\test\resources
2024-06-26 17:24:02,835 [Worker-42: Building] WARN  o.a.m.s.f.DefaultMavenResourcesFiltering - Using platform encoding (UTF-8 actually) to copy filtered resources, i.e. build is platform dependent!
2024-06-26 17:24:02,836 [Worker-42: Building] INFO  o.a.m.s.f.DefaultMavenResourcesFiltering - Copying 0 resource from src\main\resources to target\classes
2024-06-26 17:24:02,838 [Worker-42: Building] WARN  o.a.m.s.f.DefaultMavenResourcesFiltering - Using platform encoding (UTF-8 actually) to copy filtered resources, i.e. build is platform dependent!
2024-06-26 17:24:02,838 [Worker-42: Building] INFO  o.a.m.s.f.DefaultMavenResourcesFiltering - skip non existing resourceDirectory C:\GREEN_JAVA\springstudy2\app02\src\test\resources
2024-06-26 17:26:00,889 [Worker-42: Building] WARN  o.a.m.s.f.DefaultMavenResourcesFiltering - Using platform encoding (UTF-8 actually) to copy filtered resources, i.e. build is platform dependent!
2024-06-26 17:26:00,890 [Worker-42: Building] INFO  o.a.m.s.f.DefaultMavenResourcesFiltering - Copying 1 resource from src\main\resources to target\classes
2024-06-26 17:26:00,891 [Worker-42: Building] WARN  o.a.m.s.f.DefaultMavenResourcesFiltering - Using platform encoding (UTF-8 actually) to copy filtered resources, i.e. build is platform dependent!
2024-06-26 17:26:00,892 [Worker-42: Building] INFO  o.a.m.s.f.DefaultMavenResourcesFiltering - skip non existing resourceDirectory C:\GREEN_JAVA\springstudy2\app02\src\test\resources
2024-06-26 17:26:39,367 [Worker-42: Building] WARN  o.a.m.s.f.DefaultMavenResourcesFiltering - Using platform encoding (UTF-8 actually) to copy filtered resources, i.e. build is platform dependent!
2024-06-26 17:26:39,368 [Worker-42: Building] INFO  o.a.m.s.f.DefaultMavenResourcesFiltering - Copying 1 resource from src\main\resources to target\classes
2024-06-26 17:26:39,369 [Worker-42: Building] WARN  o.a.m.s.f.DefaultMavenResourcesFiltering - Using platform encoding (UTF-8 actually) to copy filtered resources, i.e. build is platform dependent!
2024-06-26 17:26:39,370 [Worker-42: Building] INFO  o.a.m.s.f.DefaultMavenResourcesFiltering - skip non existing resourceDirectory C:\GREEN_JAVA\springstudy2\app02\src\test\resources
2024-06-26 17:26:41,523 [Worker-38: Building] WARN  o.a.m.s.f.DefaultMavenResourcesFiltering - Using platform encoding (UTF-8 actually) to copy filtered resources, i.e. build is platform dependent!
2024-06-26 17:26:41,524 [Worker-38: Building] INFO  o.a.m.s.f.DefaultMavenResourcesFiltering - Copying 1 resource from src\main\resources to target\classes
2024-06-26 17:26:41,525 [Worker-38: Building] WARN  o.a.m.s.f.DefaultMavenResourcesFiltering - Using platform encoding (UTF-8 actually) to copy filtered resources, i.e. build is platform dependent!
2024-06-26 17:26:41,525 [Worker-38: Building] INFO  o.a.m.s.f.DefaultMavenResourcesFiltering - skip non existing resourceDirectory C:\GREEN_JAVA\springstudy2\app02\src\test\resources
2024-06-26 17:27:44,023 [Worker-41: Building] WARN  o.a.m.s.f.DefaultMavenResourcesFiltering - Using platform encoding (UTF-8 actually) to copy filtered resources, i.e. build is platform dependent!
2024-06-26 17:27:44,024 [Worker-41: Building] INFO  o.a.m.s.f.DefaultMavenResourcesFiltering - Copying 0 resource from src\main\resources to target\classes
2024-06-26 17:27:44,025 [Worker-41: Building] WARN  o.a.m.s.f.DefaultMavenResourcesFiltering - Using platform encoding (UTF-8 actually) to copy filtered resources, i.e. build is platform dependent!
2024-06-26 17:27:44,026 [Worker-41: Building] INFO  o.a.m.s.f.DefaultMavenResourcesFiltering - skip non existing resourceDirectory C:\GREEN_JAVA\springstudy2\app02\src\test\resources
2024-06-26 17:28:06,100 [Worker-41: Building] WARN  o.a.m.s.f.DefaultMavenResourcesFiltering - Using platform encoding (UTF-8 actually) to copy filtered resources, i.e. build is platform dependent!
2024-06-26 17:28:06,101 [Worker-41: Building] INFO  o.a.m.s.f.DefaultMavenResourcesFiltering - Copying 0 resource from src\main\resources to target\classes
2024-06-26 17:28:06,102 [Worker-41: Building] WARN  o.a.m.s.f.DefaultMavenResourcesFiltering - Using platform encoding (UTF-8 actually) to copy filtered resources, i.e. build is platform dependent!
2024-06-26 17:28:06,103 [Worker-41: Building] INFO  o.a.m.s.f.DefaultMavenResourcesFiltering - skip non existing resourceDirectory C:\GREEN_JAVA\springstudy2\app02\src\test\resources
2024-06-26 17:28:12,605 [Worker-43: Building] WARN  o.a.m.s.f.DefaultMavenResourcesFiltering - Using platform encoding (UTF-8 actually) to copy filtered resources, i.e. build is platform dependent!
2024-06-26 17:28:12,606 [Worker-43: Building] INFO  o.a.m.s.f.DefaultMavenResourcesFiltering - Copying 0 resource from src\main\resources to target\classes
2024-06-26 17:28:12,607 [Worker-43: Building] WARN  o.a.m.s.f.DefaultMavenResourcesFiltering - Using platform encoding (UTF-8 actually) to copy filtered resources, i.e. build is platform dependent!
2024-06-26 17:28:12,608 [Worker-43: Building] INFO  o.a.m.s.f.DefaultMavenResourcesFiltering - skip non existing resourceDirectory C:\GREEN_JAVA\springstudy2\app02\src\test\resources
2024-06-26 17:28:29,795 [Worker-41: Building] WARN  o.a.m.s.f.DefaultMavenResourcesFiltering - Using platform encoding (UTF-8 actually) to copy filtered resources, i.e. build is platform dependent!
2024-06-26 17:28:29,796 [Worker-41: Building] INFO  o.a.m.s.f.DefaultMavenResourcesFiltering - Copying 0 resource from src\main\resources to target\classes
2024-06-26 17:28:29,797 [Worker-41: Building] WARN  o.a.m.s.f.DefaultMavenResourcesFiltering - Using platform encoding (UTF-8 actually) to copy filtered resources, i.e. build is platform dependent!
2024-06-26 17:28:29,798 [Worker-41: Building] INFO  o.a.m.s.f.DefaultMavenResourcesFiltering - skip non existing resourceDirectory C:\GREEN_JAVA\springstudy2\app02\src\test\resources
2024-06-26 17:38:10,637 [Worker-42: Building] WARN  o.a.m.s.f.DefaultMavenResourcesFiltering - Using platform encoding (UTF-8 actually) to copy filtered resources, i.e. build is platform dependent!
2024-06-26 17:38:10,638 [Worker-42: Building] INFO  o.a.m.s.f.DefaultMavenResourcesFiltering - Copying 1 resource from src\main\resources to target\classes
2024-06-26 17:38:10,639 [Worker-42: Building] WARN  o.a.m.s.f.DefaultMavenResourcesFiltering - Using platform encoding (UTF-8 actually) to copy filtered resources, i.e. build is platform dependent!
2024-06-26 17:38:10,639 [Worker-42: Building] INFO  o.a.m.s.f.DefaultMavenResourcesFiltering - skip non existing resourceDirectory C:\GREEN_JAVA\springstudy2\app02\src\test\resources
2024-06-26 17:38:12,915 [Worker-45: Building] WARN  o.a.m.s.f.DefaultMavenResourcesFiltering - Using platform encoding (UTF-8 actually) to copy filtered resources, i.e. build is platform dependent!
2024-06-26 17:38:12,916 [Worker-45: Building] INFO  o.a.m.s.f.DefaultMavenResourcesFiltering - Copying 1 resource from src\main\resources to target\classes
2024-06-26 17:38:12,917 [Worker-45: Building] WARN  o.a.m.s.f.DefaultMavenResourcesFiltering - Using platform encoding (UTF-8 actually) to copy filtered resources, i.e. build is platform dependent!
2024-06-26 17:38:12,918 [Worker-45: Building] INFO  o.a.m.s.f.DefaultMavenResourcesFiltering - skip non existing resourceDirectory C:\GREEN_JAVA\springstudy2\app02\src\test\resources
2024-06-26 17:38:24,025 [Worker-42: Building] WARN  o.a.m.s.f.DefaultMavenResourcesFiltering - Using platform encoding (UTF-8 actually) to copy filtered resources, i.e. build is platform dependent!
2024-06-26 17:38:24,026 [Worker-42: Building] INFO  o.a.m.s.f.DefaultMavenResourcesFiltering - Copying 1 resource from src\main\resources to target\classes
2024-06-26 17:38:24,027 [Worker-42: Building] WARN  o.a.m.s.f.DefaultMavenResourcesFiltering - Using platform encoding (UTF-8 actually) to copy filtered resources, i.e. build is platform dependent!
2024-06-26 17:38:24,029 [Worker-42: Building] INFO  o.a.m.s.f.DefaultMavenResourcesFiltering - skip non existing resourceDirectory C:\GREEN_JAVA\springstudy2\app02\src\test\resources
2024-06-26 17:38:26,199 [Worker-42: Building] WARN  o.a.m.s.f.DefaultMavenResourcesFiltering - Using platform encoding (UTF-8 actually) to copy filtered resources, i.e. build is platform dependent!
2024-06-26 17:38:26,200 [Worker-42: Building] INFO  o.a.m.s.f.DefaultMavenResourcesFiltering - Copying 1 resource from src\main\resources to target\classes
2024-06-26 17:38:26,201 [Worker-42: Building] WARN  o.a.m.s.f.DefaultMavenResourcesFiltering - Using platform encoding (UTF-8 actually) to copy filtered resources, i.e. build is platform dependent!
2024-06-26 17:38:26,201 [Worker-42: Building] INFO  o.a.m.s.f.DefaultMavenResourcesFiltering - skip non existing resourceDirectory C:\GREEN_JAVA\springstudy2\app02\src\test\resources
2024-06-26 17:38:40,910 [Worker-46: Building] WARN  o.a.m.s.f.DefaultMavenResourcesFiltering - Using platform encoding (UTF-8 actually) to copy filtered resources, i.e. build is platform dependent!
2024-06-26 17:38:40,911 [Worker-46: Building] INFO  o.a.m.s.f.DefaultMavenResourcesFiltering - Copying 1 resource from src\main\resources to target\classes
2024-06-26 17:38:40,912 [Worker-46: Building] WARN  o.a.m.s.f.DefaultMavenResourcesFiltering - Using platform encoding (UTF-8 actually) to copy filtered resources, i.e. build is platform dependent!
2024-06-26 17:38:40,913 [Worker-46: Building] INFO  o.a.m.s.f.DefaultMavenResourcesFiltering - skip non existing resourceDirectory C:\GREEN_JAVA\springstudy2\app02\src\test\resources
2024-06-26 17:39:05,706 [Worker-44: Building] WARN  o.a.m.s.f.DefaultMavenResourcesFiltering - Using platform encoding (UTF-8 actually) to copy filtered resources, i.e. build is platform dependent!
2024-06-26 17:39:05,707 [Worker-44: Building] INFO  o.a.m.s.f.DefaultMavenResourcesFiltering - Copying 1 resource from src\main\resources to target\classes
2024-06-26 17:39:05,708 [Worker-44: Building] WARN  o.a.m.s.f.DefaultMavenResourcesFiltering - Using platform encoding (UTF-8 actually) to copy filtered resources, i.e. build is platform dependent!
2024-06-26 17:39:05,708 [Worker-44: Building] INFO  o.a.m.s.f.DefaultMavenResourcesFiltering - skip non existing resourceDirectory C:\GREEN_JAVA\springstudy2\app02\src\test\resources
2024-06-26 17:39:12,699 [Worker-42: Building] WARN  o.a.m.s.f.DefaultMavenResourcesFiltering - Using platform encoding (UTF-8 actually) to copy filtered resources, i.e. build is platform dependent!
2024-06-26 17:39:12,700 [Worker-42: Building] INFO  o.a.m.s.f.DefaultMavenResourcesFiltering - Copying 1 resource from src\main\resources to target\classes
2024-06-26 17:39:12,702 [Worker-42: Building] WARN  o.a.m.s.f.DefaultMavenResourcesFiltering - Using platform encoding (UTF-8 actually) to copy filtered resources, i.e. build is platform dependent!
2024-06-26 17:39:12,702 [Worker-42: Building] INFO  o.a.m.s.f.DefaultMavenResourcesFiltering - skip non existing resourceDirectory C:\GREEN_JAVA\springstudy2\app02\src\test\resources
2024-06-26 17:39:51,746 [Worker-42: Building] WARN  o.a.m.s.f.DefaultMavenResourcesFiltering - Using platform encoding (UTF-8 actually) to copy filtered resources, i.e. build is platform dependent!
2024-06-26 17:39:51,747 [Worker-42: Building] INFO  o.a.m.s.f.DefaultMavenResourcesFiltering - Copying 1 resource from src\main\resources to target\classes
2024-06-26 17:39:51,748 [Worker-42: Building] WARN  o.a.m.s.f.DefaultMavenResourcesFiltering - Using platform encoding (UTF-8 actually) to copy filtered resources, i.e. build is platform dependent!
2024-06-26 17:39:51,749 [Worker-42: Building] INFO  o.a.m.s.f.DefaultMavenResourcesFiltering - skip non existing resourceDirectory C:\GREEN_JAVA\springstudy2\app02\src\test\resources
2024-06-26 17:40:03,454 [Worker-44: Building] WARN  o.a.m.s.f.DefaultMavenResourcesFiltering - Using platform encoding (UTF-8 actually) to copy filtered resources, i.e. build is platform dependent!
2024-06-26 17:40:03,454 [Worker-44: Building] INFO  o.a.m.s.f.DefaultMavenResourcesFiltering - Copying 1 resource from src\main\resources to target\classes
2024-06-26 17:40:03,456 [Worker-44: Building] WARN  o.a.m.s.f.DefaultMavenResourcesFiltering - Using platform encoding (UTF-8 actually) to copy filtered resources, i.e. build is platform dependent!
2024-06-26 17:40:03,456 [Worker-44: Building] INFO  o.a.m.s.f.DefaultMavenResourcesFiltering - skip non existing resourceDirectory C:\GREEN_JAVA\springstudy2\app02\src\test\resources
2024-06-26 17:40:05,503 [Worker-42: Building] WARN  o.a.m.s.f.DefaultMavenResourcesFiltering - Using platform encoding (UTF-8 actually) to copy filtered resources, i.e. build is platform dependent!
2024-06-26 17:40:05,504 [Worker-42: Building] INFO  o.a.m.s.f.DefaultMavenResourcesFiltering - Copying 1 resource from src\main\resources to target\classes
2024-06-26 17:40:05,505 [Worker-42: Building] WARN  o.a.m.s.f.DefaultMavenResourcesFiltering - Using platform encoding (UTF-8 actually) to copy filtered resources, i.e. build is platform dependent!
2024-06-26 17:40:05,505 [Worker-42: Building] INFO  o.a.m.s.f.DefaultMavenResourcesFiltering - skip non existing resourceDirectory C:\GREEN_JAVA\springstudy2\app02\src\test\resources
2024-06-26 17:40:09,162 [Worker-47: Building] WARN  o.a.m.s.f.DefaultMavenResourcesFiltering - Using platform encoding (UTF-8 actually) to copy filtered resources, i.e. build is platform dependent!
2024-06-26 17:40:09,163 [Worker-47: Building] INFO  o.a.m.s.f.DefaultMavenResourcesFiltering - Copying 1 resource from src\main\resources to target\classes
2024-06-26 17:40:09,164 [Worker-47: Building] WARN  o.a.m.s.f.DefaultMavenResourcesFiltering - Using platform encoding (UTF-8 actually) to copy filtered resources, i.e. build is platform dependent!
2024-06-26 17:40:09,164 [Worker-47: Building] INFO  o.a.m.s.f.DefaultMavenResourcesFiltering - skip non existing resourceDirectory C:\GREEN_JAVA\springstudy2\app02\src\test\resources
2024-06-26 17:40:51,357 [Worker-42: Building] WARN  o.a.m.s.f.DefaultMavenResourcesFiltering - Using platform encoding (UTF-8 actually) to copy filtered resources, i.e. build is platform dependent!
2024-06-26 17:40:51,358 [Worker-42: Building] INFO  o.a.m.s.f.DefaultMavenResourcesFiltering - Copying 0 resource from src\main\resources to target\classes
2024-06-26 17:40:51,359 [Worker-42: Building] WARN  o.a.m.s.f.DefaultMavenResourcesFiltering - Using platform encoding (UTF-8 actually) to copy filtered resources, i.e. build is platform dependent!
2024-06-26 17:40:51,360 [Worker-42: Building] INFO  o.a.m.s.f.DefaultMavenResourcesFiltering - skip non existing resourceDirectory C:\GREEN_JAVA\springstudy2\app02\src\test\resources
2024-06-26 17:40:54,719 [Worker-44: Building] WARN  o.a.m.s.f.DefaultMavenResourcesFiltering - Using platform encoding (UTF-8 actually) to copy filtered resources, i.e. build is platform dependent!
2024-06-26 17:40:54,720 [Worker-44: Building] INFO  o.a.m.s.f.DefaultMavenResourcesFiltering - Copying 0 resource from src\main\resources to target\classes
2024-06-26 17:40:54,721 [Worker-44: Building] WARN  o.a.m.s.f.DefaultMavenResourcesFiltering - Using platform encoding (UTF-8 actually) to copy filtered resources, i.e. build is platform dependent!
2024-06-26 17:40:54,722 [Worker-44: Building] INFO  o.a.m.s.f.DefaultMavenResourcesFiltering - skip non existing resourceDirectory C:\GREEN_JAVA\springstudy2\app02\src\test\resources
2024-06-26 17:41:04,081 [Worker-44: Building] WARN  o.a.m.s.f.DefaultMavenResourcesFiltering - Using platform encoding (UTF-8 actually) to copy filtered resources, i.e. build is platform dependent!
2024-06-26 17:41:04,082 [Worker-44: Building] INFO  o.a.m.s.f.DefaultMavenResourcesFiltering - Copying 0 resource from src\main\resources to target\classes
2024-06-26 17:41:04,083 [Worker-44: Building] WARN  o.a.m.s.f.DefaultMavenResourcesFiltering - Using platform encoding (UTF-8 actually) to copy filtered resources, i.e. build is platform dependent!
2024-06-26 17:41:04,083 [Worker-44: Building] INFO  o.a.m.s.f.DefaultMavenResourcesFiltering - skip non existing resourceDirectory C:\GREEN_JAVA\springstudy2\app02\src\test\resources
2024-06-26 17:41:09,436 [Worker-47: Building] WARN  o.a.m.s.f.DefaultMavenResourcesFiltering - Using platform encoding (UTF-8 actually) to copy filtered resources, i.e. build is platform dependent!
2024-06-26 17:41:09,437 [Worker-47: Building] INFO  o.a.m.s.f.DefaultMavenResourcesFiltering - Copying 0 resource from src\main\resources to target\classes
2024-06-26 17:41:09,438 [Worker-47: Building] WARN  o.a.m.s.f.DefaultMavenResourcesFiltering - Using platform encoding (UTF-8 actually) to copy filtered resources, i.e. build is platform dependent!
2024-06-26 17:41:09,439 [Worker-47: Building] INFO  o.a.m.s.f.DefaultMavenResourcesFiltering - skip non existing resourceDirectory C:\GREEN_JAVA\springstudy2\app02\src\test\resources
2024-06-26 17:41:24,467 [Worker-44: Building] WARN  o.a.m.s.f.DefaultMavenResourcesFiltering - Using platform encoding (UTF-8 actually) to copy filtered resources, i.e. build is platform dependent!
2024-06-26 17:41:24,468 [Worker-44: Building] INFO  o.a.m.s.f.DefaultMavenResourcesFiltering - Copying 0 resource from src\main\resources to target\classes
2024-06-26 17:41:24,470 [Worker-44: Building] WARN  o.a.m.s.f.DefaultMavenResourcesFiltering - Using platform encoding (UTF-8 actually) to copy filtered resources, i.e. build is platform dependent!
2024-06-26 17:41:24,470 [Worker-44: Building] INFO  o.a.m.s.f.DefaultMavenResourcesFiltering - skip non existing resourceDirectory C:\GREEN_JAVA\springstudy2\app02\src\test\resources
2024-06-26 17:41:27,499 [Worker-46: Building] WARN  o.a.m.s.f.DefaultMavenResourcesFiltering - Using platform encoding (UTF-8 actually) to copy filtered resources, i.e. build is platform dependent!
2024-06-26 17:41:27,500 [Worker-46: Building] INFO  o.a.m.s.f.DefaultMavenResourcesFiltering - Copying 0 resource from src\main\resources to target\classes
2024-06-26 17:41:27,501 [Worker-46: Building] WARN  o.a.m.s.f.DefaultMavenResourcesFiltering - Using platform encoding (UTF-8 actually) to copy filtered resources, i.e. build is platform dependent!
2024-06-26 17:41:27,502 [Worker-46: Building] INFO  o.a.m.s.f.DefaultMavenResourcesFiltering - skip non existing resourceDirectory C:\GREEN_JAVA\springstudy2\app02\src\test\resources
2024-06-26 17:45:21,332 [Worker-45: Building] INFO  o.e.m.c.i.l.LifecycleMappingFactory - Using org.maven.ide.eclipse.wtp.WarLifecycleMapping lifecycle mapping for MavenProject: com.hyun:app02:0.0.1-SNAPSHOT @ C:\GREEN_JAVA\springstudy2\app02\pom.xml.
2024-06-26 17:45:21,396 [Worker-45: Building] WARN  o.e.m.c.i.embedder.EclipseLogger - The artifact org.slf4j:slf4j-log4j12:jar:2.0.7 has been relocated to org.slf4j:slf4j-reload4j:jar:2.0.7
2024-06-26 17:45:21,479 [Worker-45: Building] WARN  o.a.m.s.f.DefaultMavenResourcesFiltering - Using platform encoding (UTF-8 actually) to copy filtered resources, i.e. build is platform dependent!
2024-06-26 17:45:21,480 [Worker-45: Building] INFO  o.a.m.s.f.DefaultMavenResourcesFiltering - Copying 1 resource from src\main\resources to target\classes
2024-06-26 17:45:21,482 [Worker-45: Building] WARN  o.a.m.s.f.DefaultMavenResourcesFiltering - Using platform encoding (UTF-8 actually) to copy filtered resources, i.e. build is platform dependent!
2024-06-26 17:45:21,482 [Worker-45: Building] INFO  o.a.m.s.f.DefaultMavenResourcesFiltering - skip non existing resourceDirectory C:\GREEN_JAVA\springstudy2\app02\src\test\resources
2024-06-26 17:45:21,482 [Worker-45: Building] INFO  o.e.m.w.i.f.ResourceFilteringBuildParticipant - Changed resources require a complete clean of filtered resources of app02
2024-06-26 17:45:21,483 [Worker-45: Building] INFO  o.e.m.w.i.f.ResourceFilteringBuildParticipant - Executing resource filtering for app02
2024-06-26 17:49:22,458 [Worker-52: Building] WARN  o.a.m.s.f.DefaultMavenResourcesFiltering - Using platform encoding (UTF-8 actually) to copy filtered resources, i.e. build is platform dependent!
2024-06-26 17:49:22,459 [Worker-52: Building] INFO  o.a.m.s.f.DefaultMavenResourcesFiltering - Copying 0 resource from src\main\resources to target\classes
2024-06-26 17:49:22,460 [Worker-52: Building] WARN  o.a.m.s.f.DefaultMavenResourcesFiltering - Using platform encoding (UTF-8 actually) to copy filtered resources, i.e. build is platform dependent!
2024-06-26 17:49:22,460 [Worker-52: Building] INFO  o.a.m.s.f.DefaultMavenResourcesFiltering - skip non existing resourceDirectory C:\GREEN_JAVA\springstudy2\app02\src\test\resources
2024-06-26 17:49:24,536 [Worker-39: Building] WARN  o.a.m.s.f.DefaultMavenResourcesFiltering - Using platform encoding (UTF-8 actually) to copy filtered resources, i.e. build is platform dependent!
2024-06-26 17:49:24,537 [Worker-39: Building] INFO  o.a.m.s.f.DefaultMavenResourcesFiltering - Copying 0 resource from src\main\resources to target\classes
2024-06-26 17:49:24,538 [Worker-39: Building] WARN  o.a.m.s.f.DefaultMavenResourcesFiltering - Using platform encoding (UTF-8 actually) to copy filtered resources, i.e. build is platform dependent!
2024-06-26 17:49:24,538 [Worker-39: Building] INFO  o.a.m.s.f.DefaultMavenResourcesFiltering - skip non existing resourceDirectory C:\GREEN_JAVA\springstudy2\app02\src\test\resources
2024-06-26 17:56:26,670 [Worker-57: Building] WARN  o.a.m.s.f.DefaultMavenResourcesFiltering - Using platform encoding (UTF-8 actually) to copy filtered resources, i.e. build is platform dependent!
2024-06-26 17:56:26,671 [Worker-57: Building] INFO  o.a.m.s.f.DefaultMavenResourcesFiltering - Copying 0 resource from src\main\resources to target\classes
2024-06-26 17:56:26,672 [Worker-57: Building] WARN  o.a.m.s.f.DefaultMavenResourcesFiltering - Using platform encoding (UTF-8 actually) to copy filtered resources, i.e. build is platform dependent!
2024-06-26 17:56:26,673 [Worker-57: Building] INFO  o.a.m.s.f.DefaultMavenResourcesFiltering - skip non existing resourceDirectory C:\GREEN_JAVA\springstudy2\app02\src\test\resources
2024-06-26 17:57:48,707 [Worker-47: Building] WARN  o.a.m.s.f.DefaultMavenResourcesFiltering - Using platform encoding (UTF-8 actually) to copy filtered resources, i.e. build is platform dependent!
2024-06-26 17:57:48,708 [Worker-47: Building] INFO  o.a.m.s.f.DefaultMavenResourcesFiltering - Copying 0 resource from src\main\resources to target\classes
2024-06-26 17:57:48,709 [Worker-47: Building] WARN  o.a.m.s.f.DefaultMavenResourcesFiltering - Using platform encoding (UTF-8 actually) to copy filtered resources, i.e. build is platform dependent!
2024-06-26 17:57:48,710 [Worker-47: Building] INFO  o.a.m.s.f.DefaultMavenResourcesFiltering - skip non existing resourceDirectory C:\GREEN_JAVA\springstudy2\app02\src\test\resources
2024-06-26 18:02:26,504 [Worker-55: Building] WARN  o.a.m.s.f.DefaultMavenResourcesFiltering - Using platform encoding (UTF-8 actually) to copy filtered resources, i.e. build is platform dependent!
2024-06-26 18:02:26,505 [Worker-55: Building] INFO  o.a.m.s.f.DefaultMavenResourcesFiltering - Copying 2 resources from src\main\resources to target\classes
2024-06-26 18:02:26,507 [Worker-55: Building] WARN  o.a.m.s.f.DefaultMavenResourcesFiltering - Using platform encoding (UTF-8 actually) to copy filtered resources, i.e. build is platform dependent!
2024-06-26 18:02:26,508 [Worker-55: Building] INFO  o.a.m.s.f.DefaultMavenResourcesFiltering - Copying 0 resource from src\test\resources to target\test-classes
2024-06-26 18:02:55,172 [Worker-56: Building] WARN  o.a.m.s.f.DefaultMavenResourcesFiltering - Using platform encoding (UTF-8 actually) to copy filtered resources, i.e. build is platform dependent!
2024-06-26 18:02:55,173 [Worker-56: Building] INFO  o.a.m.s.f.DefaultMavenResourcesFiltering - Copying 2 resources from src\main\resources to target\classes
2024-06-26 18:02:55,174 [Worker-56: Building] WARN  o.a.m.s.f.DefaultMavenResourcesFiltering - Using platform encoding (UTF-8 actually) to copy filtered resources, i.e. build is platform dependent!
2024-06-26 18:02:55,175 [Worker-56: Building] INFO  o.a.m.s.f.DefaultMavenResourcesFiltering - Copying 0 resource from src\test\resources to target\test-classes
2024-06-26 18:03:56,290 [Worker-55: Building] WARN  o.a.m.s.f.DefaultMavenResourcesFiltering - Using platform encoding (UTF-8 actually) to copy filtered resources, i.e. build is platform dependent!
2024-06-26 18:03:56,292 [Worker-55: Building] INFO  o.a.m.s.f.DefaultMavenResourcesFiltering - Copying 1 resource from src\main\resources to target\classes
2024-06-26 18:03:56,295 [Worker-55: Building] WARN  o.a.m.s.f.DefaultMavenResourcesFiltering - Using platform encoding (UTF-8 actually) to copy filtered resources, i.e. build is platform dependent!
2024-06-26 18:03:56,296 [Worker-55: Building] INFO  o.a.m.s.f.DefaultMavenResourcesFiltering - Copying 0 resource from src\test\resources to target\test-classes
2024-06-26 18:06:05,295 [Worker-58: Building] WARN  o.a.m.s.f.DefaultMavenResourcesFiltering - Using platform encoding (UTF-8 actually) to copy filtered resources, i.e. build is platform dependent!
2024-06-26 18:06:05,296 [Worker-58: Building] INFO  o.a.m.s.f.DefaultMavenResourcesFiltering - Copying 0 resource from src\main\resources to target\classes
2024-06-26 18:06:05,297 [Worker-58: Building] WARN  o.a.m.s.f.DefaultMavenResourcesFiltering - Using platform encoding (UTF-8 actually) to copy filtered resources, i.e. build is platform dependent!
2024-06-26 18:06:05,297 [Worker-58: Building] INFO  o.a.m.s.f.DefaultMavenResourcesFiltering - skip non existing resourceDirectory C:\GREEN_JAVA\springstudy2\app02\src\test\resources
2024-06-26 18:07:23,582 [Worker-2: Loading available Gradle versions] INFO  o.e.b.c.i.u.g.PublishedGradleVersions - Gradle version information cache is up-to-date. Trying to read.
2024-06-26 18:07:26,214 [Worker-2: Building] WARN  o.e.m.c.i.embedder.EclipseLogger - The artifact org.slf4j:slf4j-log4j12:jar:2.0.7 has been relocated to org.slf4j:slf4j-reload4j:jar:2.0.7
2024-06-26 18:07:26,504 [Worker-2: Building] WARN  o.e.m.c.i.embedder.EclipseLogger - The artifact org.slf4j:slf4j-log4j12:jar:2.0.7 has been relocated to org.slf4j:slf4j-reload4j:jar:2.0.7
